INFO [2024-07-21 14:49:17] $x
INFO [2024-07-21 14:49:17] data
INFO [2024-07-21 14:49:17] 
INFO [2024-07-21 14:49:17] $category.names
INFO [2024-07-21 14:49:17] c("BRUV", "BOSS")
INFO [2024-07-21 14:49:17] 
INFO [2024-07-21 14:49:17] $ellipse
INFO [2024-07-21 14:49:17] [1] TRUE
INFO [2024-07-21 14:49:17] 
INFO [2024-07-21 14:49:17] $fill
INFO [2024-07-21 14:49:17] c("#56B4E9", "#F0E442")
INFO [2024-07-21 14:49:17] 
INFO [2024-07-21 14:49:17] $lty
INFO [2024-07-21 14:49:17] line_types
INFO [2024-07-21 14:49:17] 
INFO [2024-07-21 14:49:17] $category.col
INFO [2024-07-21 14:49:17] [1] "green"
INFO [2024-07-21 14:49:17] 
INFO [2024-07-21 14:49:17] $filename
INFO [2024-07-21 14:49:17] NULL
INFO [2024-07-21 14:49:17] 
