INFO [2024-07-21 15:02:29] $x
INFO [2024-07-21 15:02:29] data
INFO [2024-07-21 15:02:29] 
INFO [2024-07-21 15:02:29] $category.names
INFO [2024-07-21 15:02:29] c("BRUV", "BOSS")
INFO [2024-07-21 15:02:29] 
INFO [2024-07-21 15:02:29] $ellipse
INFO [2024-07-21 15:02:29] [1] TRUE
INFO [2024-07-21 15:02:29] 
INFO [2024-07-21 15:02:29] $fill
INFO [2024-07-21 15:02:29] c("#56B4E9", "#F0E442")
INFO [2024-07-21 15:02:29] 
INFO [2024-07-21 15:02:29] $lty
INFO [2024-07-21 15:02:29] line_types
INFO [2024-07-21 15:02:29] 
INFO [2024-07-21 15:02:29] $category.col
INFO [2024-07-21 15:02:29] [1] "green"
INFO [2024-07-21 15:02:29] 
INFO [2024-07-21 15:02:29] $filename
INFO [2024-07-21 15:02:29] NULL
INFO [2024-07-21 15:02:29] 
