INFO [2024-06-14 14:16:25] $x
INFO [2024-06-14 14:16:25] list(BRUV = f_BRUV, BOSS = f_BOSS)
INFO [2024-06-14 14:16:25] 
INFO [2024-06-14 14:16:25] $category.names
INFO [2024-06-14 14:16:25] c("BRUV", "BOSS")
INFO [2024-06-14 14:16:25] 
INFO [2024-06-14 14:16:25] $filename
INFO [2024-06-14 14:16:25] NULL
INFO [2024-06-14 14:16:25] 
INFO [2024-06-14 14:16:25] $main
INFO [2024-06-14 14:16:25] [1] "BRUV vs. BOSS"
INFO [2024-06-14 14:16:25] 
INFO [2024-06-14 14:16:25] $col
INFO [2024-06-14 14:16:25] [1] "transparent"
INFO [2024-06-14 14:16:25] 
INFO [2024-06-14 14:16:25] $fill
INFO [2024-06-14 14:16:25] c("blue", "red")
INFO [2024-06-14 14:16:25] 
INFO [2024-06-14 14:16:25] $alpha
INFO [2024-06-14 14:16:25] [1] 0.5
INFO [2024-06-14 14:16:25] 
INFO [2024-06-14 14:16:25] $label.col
INFO [2024-06-14 14:16:25] [1] "black"
INFO [2024-06-14 14:16:25] 
INFO [2024-06-14 14:16:25] $cex
INFO [2024-06-14 14:16:25] [1] 2
INFO [2024-06-14 14:16:25] 
INFO [2024-06-14 14:16:25] $cat.col
INFO [2024-06-14 14:16:25] c("blue", "red")
INFO [2024-06-14 14:16:25] 
INFO [2024-06-14 14:16:25] $cat.cex
INFO [2024-06-14 14:16:25] [1] 2
INFO [2024-06-14 14:16:25] 
