INFO [2024-07-21 14:48:45] $x
INFO [2024-07-21 14:48:45] data
INFO [2024-07-21 14:48:45] 
INFO [2024-07-21 14:48:45] $category.names
INFO [2024-07-21 14:48:45] c("BRUV", "BOSS")
INFO [2024-07-21 14:48:45] 
INFO [2024-07-21 14:48:45] $ellipse
INFO [2024-07-21 14:48:45] [1] TRUE
INFO [2024-07-21 14:48:45] 
INFO [2024-07-21 14:48:45] $fill
INFO [2024-07-21 14:48:45] c("#56B4E9", "#F0E442")
INFO [2024-07-21 14:48:45] 
INFO [2024-07-21 14:48:45] $lty
INFO [2024-07-21 14:48:45] line_types
INFO [2024-07-21 14:48:45] 
INFO [2024-07-21 14:48:45] $category.col
INFO [2024-07-21 14:48:45] [1] "green"
INFO [2024-07-21 14:48:45] 
INFO [2024-07-21 14:48:45] $filename
INFO [2024-07-21 14:48:45] NULL
INFO [2024-07-21 14:48:45] 
